-------------------------------------------------------------------------------
Test set: smartosc.cucumber.Testcase3TestSuite
-------------------------------------------------------------------------------
Tests run: 1, Failures: 1, Errors: 0, Skipped: 0, Time elapsed: 124.0 s <<< FAILURE! -- in smartosc.cucumber.Testcase3TestSuite
practice #1.Check Infomation LG -- Time elapsed: 120.4 s <<< FAILURE!
java.lang.AssertionError: 

Expected: an element that is visible
     but: no matching element found by not so
	at org.hamcrest.MatcherAssert.assertThat(MatcherAssert.java:20)
	at org.hamcrest.MatcherAssert.assertThat(MatcherAssert.java:6)
	at net.serenitybdd.screenplay.QuestionConsequence.evaluateFor(QuestionConsequence.java:49)
	at net.serenitybdd.screenplay.EventualConsequence.evaluateFor(EventualConsequence.java:58)
	at net.serenitybdd.screenplay.Actor.check(Actor.java:369)
	at net.serenitybdd.screenplay.Actor.should(Actor.java:341)
	at net.serenitybdd.screenplay.waits.WaitUntilTargetIsReady.performAs(WaitUntilTargetIsReady.java:30)
	at net.serenitybdd.screenplay.waits.WaitUntilTargetIsReady$ByteBuddy$m0GqMeRf.performAs$accessor$ydX37SjX(Unknown Source)
	at sun.reflect.NativeMethodAccessorImpl.invoke0(Native Method)
	at sun.reflect.NativeMethodAccessorImpl.invoke(NativeMethodAccessorImpl.java:62)
	at sun.reflect.DelegatingMethodAccessorImpl.invoke(DelegatingMethodAccessorImpl.java:43)
	at java.lang.reflect.Method.invoke(Method.java:498)
	at net.thucydides.core.steps.StepInterceptor.invokeMethod(StepInterceptor.java:503)
	at net.thucydides.core.steps.StepInterceptor.runBaseObjectMethod(StepInterceptor.java:397)
	at net.thucydides.core.steps.StepInterceptor.intercept(StepInterceptor.java:82)
	at net.thucydides.core.steps.ProxyConfiguration$InterceptorDispatcher.intercept(ProxyConfiguration.java:51)
	at net.serenitybdd.screenplay.waits.WaitUntilTargetIsReady$ByteBuddy$m0GqMeRf.performAs(Unknown Source)
	at net.serenitybdd.screenplay.Actor.performTask(Actor.java:276)
	at net.serenitybdd.screenplay.Actor.perform(Actor.java:256)
	at net.serenitybdd.screenplay.Actor.performSilently(Actor.java:236)
	at net.serenitybdd.screenplay.Actor.attemptsTo(Actor.java:193)
	at net.serenitybdd.screenplay.Actor.attemptsTo(Actor.java:204)
	at screenplay.actions.ActionCommon.clickElement(ActionCommon.java:28)
	at screenplay.actions.ActionCommon$ByteBuddy$58gBo6se.clickElement$accessor$p1GSaWX7(Unknown Source)
	at sun.reflect.NativeMethodAccessorImpl.invoke0(Native Method)
	at sun.reflect.NativeMethodAccessorImpl.invoke(NativeMethodAccessorImpl.java:62)
	at sun.reflect.DelegatingMethodAccessorImpl.invoke(DelegatingMethodAccessorImpl.java:43)
	at java.lang.reflect.Method.invoke(Method.java:498)
	at net.thucydides.core.steps.BaseMethodRunner.invokeMethod(BaseMethodRunner.java:18)
	at net.thucydides.core.steps.NormalMethodRunner.invokeMethodAndNotifyFailures(NormalMethodRunner.java:18)
	at net.thucydides.core.steps.StepInterceptor.runNormalMethod(StepInterceptor.java:406)
	at net.thucydides.core.steps.StepInterceptor.testStepResult(StepInterceptor.java:191)
	at net.thucydides.core.steps.StepInterceptor.intercept(StepInterceptor.java:84)
	at net.thucydides.core.steps.ProxyConfiguration$InterceptorDispatcher.intercept(ProxyConfiguration.java:51)
	at screenplay.actions.ActionCommon$ByteBuddy$58gBo6se.clickElement(Unknown Source)
	at smartosc.testcase3.Testcase3Step.selectPaymentMethod(Testcase3Step.java:92)
	at âœ½.Select Payment Method(file:///C:/Users/dunghv1/Downloads/Testcase03_Task1/Testcase03_Task1/src/test/resources/features/testcase3/testcase3.feature:10)

